android/build/intermediates/manifest_merge_blame_file/debug/manifest-merger-blame-debug-report.txt
1<?xml version="1.0" encoding="utf-8"?>
2<!--
3Copyright Amazon.com, Inc. or its affiliates. All Rights Reserved.
4SPDX-License-Identifier: MIT-0
5-->
6<manifest xmlns:android="http://schemas.android.com/apk/res/android"
7    package="expo.modules.amazonchimesdkcomponent" >
8
9    <uses-sdk android:minSdkVersion="23" />
10
11    <uses-permission android:name="android.permission.INTERNET" />
11-->src/main/AndroidManifest.xml:7:5-67
11-->src/main/AndroidManifest.xml:7:22-64
12    <uses-permission android:name="android.permission.CAMERA" />
12-->src/main/AndroidManifest.xml:8:5-65
12-->src/main/AndroidManifest.xml:8:22-62
13    <uses-permission android:name="android.permission.MODIFY_AUDIO_SETTINGS" />
13-->src/main/AndroidManifest.xml:9:5-80
13-->src/main/AndroidManifest.xml:9:22-77
14    <uses-permission android:name="android.permission.RECORD_AUDIO" />
14-->src/main/AndroidManifest.xml:10:5-71
14-->src/main/AndroidManifest.xml:10:22-68
15
16</manifest>